This is pdfTeX, Version 3.1415926-1.40.10 (TeX Live 2009/Debian) (format=pdflatex 2010.8.24)  22 SEP 2012 20:06
entering extended mode
 %&-line parsing enabled.
**all_graphics.tex
(./all_graphics.tex
LaTeX2e <2009/09/24>
Babel <v3.8l> and hyphenation patterns for english, usenglishmax, dumylang, noh
yphenation, ngerman, german, german-x-2009-06-19, ngerman-x-2009-06-19, loaded.

(/usr/share/texmf-texlive/tex/latex/base/article.cls
Document Class: article 2007/10/19 v1.4h Standard LaTeX document class
(/usr/share/texmf-texlive/tex/latex/base/size10.clo
File: size10.clo 2007/10/19 v1.4h Standard LaTeX file (size option)
)
\c@part=\count79
\c@section=\count80
\c@subsection=\count81
\c@subsubsection=\count82
\c@paragraph=\count83
\c@subparagraph=\count84
\c@figure=\count85
\c@table=\count86
\abovecaptionskip=\skip41
\belowcaptionskip=\skip42
\bibindent=\dimen102
)
(/usr/share/texmf-texlive/tex/latex/graphics/graphics.sty
Package: graphics 2009/02/05 v1.0o Standard LaTeX Graphics (DPC,SPQR)

(/usr/share/texmf-texlive/tex/latex/graphics/trig.sty
Package: trig 1999/03/16 v1.09 sin cos tan (DPC)
)
(/etc/texmf/tex/latex/config/graphics.cfg
File: graphics.cfg 2009/08/28 v1.8 graphics configuration of TeX Live
)
Package graphics Info: Driver file: pdftex.def on input line 91.

(/usr/share/texmf-texlive/tex/latex/pdftex-def/pdftex.def
File: pdftex.def 2010/03/12 v0.04p Graphics/color for pdfTeX
\Gread@gobject=\count87
)) (./all_graphics.aux)
\openout1 = `all_graphics.aux'.

LaTeX Font Info:    Checking defaults for OML/cmm/m/it on input line 5.
LaTeX Font Info:    ... okay on input line 5.
LaTeX Font Info:    Checking defaults for T1/cmr/m/n on input line 5.
LaTeX Font Info:    ... okay on input line 5.
LaTeX Font Info:    Checking defaults for OT1/cmr/m/n on input line 5.
LaTeX Font Info:    ... okay on input line 5.
LaTeX Font Info:    Checking defaults for OMS/cmsy/m/n on input line 5.
LaTeX Font Info:    ... okay on input line 5.
LaTeX Font Info:    Checking defaults for OMX/cmex/m/n on input line 5.
LaTeX Font Info:    ... okay on input line 5.
LaTeX Font Info:    Checking defaults for U/cmr/m/n on input line 5.
LaTeX Font Info:    ... okay on input line 5.
 (/usr/share/texmf-texlive/tex/context/base/supp-pdf.mkii
[Loading MPS to PDF converter (version 2006.09.02).]
\scratchcounter=\count88
\scratchdimen=\dimen103
\scratchbox=\box26
\nofMPsegments=\count89
\nofMParguments=\count90
\everyMPshowfont=\toks14
\MPscratchCnt=\count91
\MPscratchDim=\dimen104
\MPnumerator=\count92
\everyMPtoPDFconversion=\toks15
) <test_series_n_const_hashmap.pdf, id=1, 201.75375pt x 180.675pt>
File: test_series_n_const_hashmap.pdf Graphic file (type pdf)

<use test_series_n_const_hashmap.pdf>
<test_series_n_const_treemap.pdf, id=2, 201.75375pt x 180.675pt>
File: test_series_n_const_treemap.pdf Graphic file (type pdf)

<use test_series_n_const_treemap.pdf>
Overfull \hbox (75.72871pt too wide) in paragraph at lines 10--12
[][] [] 
 []

<test_series_p_in_const_hashmap.pdf, id=3, 201.75375pt x 180.675pt>
File: test_series_p_in_const_hashmap.pdf Graphic file (type pdf)

<use test_series_p_in_const_hashmap.pdf>
<test_series_p_in_const_treemap.pdf, id=4, 201.75375pt x 180.675pt>
File: test_series_p_in_const_treemap.pdf Graphic file (type pdf)

<use test_series_p_in_const_treemap.pdf>
Overfull \hbox (75.72871pt too wide) in paragraph at lines 17--19
[][] [] 
 []

<test_series_d_in_const_all_dyn_hashmap.pdf, id=5, 201.75375pt x 180.675pt>
File: test_series_d_in_const_all_dyn_hashmap.pdf Graphic file (type pdf)

<use test_series_d_in_const_all_dyn_hashmap.pdf>
<test_series_d_in_const_all_dyn_treemap.pdf, id=6, 201.75375pt x 180.675pt>
File: test_series_d_in_const_all_dyn_treemap.pdf Graphic file (type pdf)

<use test_series_d_in_const_all_dyn_treemap.pdf>
Overfull \hbox (75.72871pt too wide) in paragraph at lines 24--26
[][] [] 
 []

[1

{/var/lib/texmf/fonts/map/pdftex/updmap/pdftex.map} <./test_series_n_const_hash
map.pdf> <./test_series_n_const_treemap.pdf> <./test_series_p_in_const_hashmap.
pdf> <./test_series_p_in_const_treemap.pdf>] [2 <./test_series_d_in_const_all_d
yn_hashmap.pdf> <./test_series_d_in_const_all_dyn_treemap.pdf>]
(./all_graphics.aux) ) 
Here is how much of TeX's memory you used:
 820 strings out of 495021
 10874 string characters out of 1181035
 58298 words of memory out of 3000000
 4072 multiletter control sequences out of 15000+50000
 3640 words of font info for 14 fonts, out of 3000000 for 9000
 28 hyphenation exceptions out of 8191
 23i,4n,17p,168b,107s stack positions out of 5000i,500n,10000p,200000b,50000s
</usr/share/texmf-texlive/fonts/type1/public/amsfonts/cm/
cmr10.pfb>
Output written on all_graphics.pdf (2 pages, 48167 bytes).
PDF statistics:
 55 PDF objects out of 1000 (max. 8388607)
 0 named destinations out of 1000 (max. 500000)
 31 words of extra memory for PDF output out of 10000 (max. 10000000)

